<?xml version="1.0" encoding="UTF-8"?>
<testsuite name="com.example.notesapp.di.KoinModuleTest" tests="1" skipped="0" failures="0" errors="0" timestamp="2026-05-31T08:47:46.608Z" hostname="INBOOK_X1" time="127.925">
  <properties/>
  <testcase name="checkAllModules" classname="com.example.notesapp.di.KoinModuleTest" time="127.925"/>
  <system-out><![CDATA[]]></system-out>
  <system-err><![CDATA[SLF4J: Failed to load class "org.slf4j.impl.StaticLoggerBinder".
SLF4J: Defaulting to no-operation (NOP) logger implementation
SLF4J: See http://www.slf4j.org/codes.html#StaticLoggerBinder for further details.
WARNING: A Java agent has been loaded dynamically (C:\Users\taufi\.gradle\caches\modules-2\files-2.1\net.bytebuddy\byte-buddy-agent\1.14.17\e3c251a39dc90badaf71c83427ba46840f219d8d\byte-buddy-agent-1.14.17.jar)
WARNING: If a serviceability tool is in use, please run with -XX:+EnableDynamicAgentLoading to hide this warning
WARNING: If a serviceability tool is not in use, please run with -Djdk.instrument.traceUsage for more information
WARNING: Dynamic loading of agents will be disallowed by default in a future release
]]></system-err>
</testsuite>
