<?xml version="1.0" encoding="UTF-8"?>
<testsuite name="com.example.notesapp.ui.notes.NotesViewModelTest" tests="6" skipped="0" failures="0" errors="0" timestamp="2026-05-31T08:50:02.589Z" hostname="INBOOK_X1" time="0.969">
  <properties/>
  <testcase name="deleteNote_callsRepositoryDelete" classname="com.example.notesapp.ui.notes.NotesViewModelTest" time="0.768"/>
  <testcase name="notesFlow_emitsSearchResultsDynamically_usingTurbine" classname="com.example.notesapp.ui.notes.NotesViewModelTest" time="0.114"/>
  <testcase name="initialState_isCorrect" classname="com.example.notesapp.ui.notes.NotesViewModelTest" time="0.013"/>
  <testcase name="isOnlineFlow_emitsStatusChanges_usingTurbine" classname="com.example.notesapp.ui.notes.NotesViewModelTest" time="0.024"/>
  <testcase name="notesStateFlow_emitsRepositoryNotes" classname="com.example.notesapp.ui.notes.NotesViewModelTest" time="0.033"/>
  <testcase name="onSearchQueryChange_updatesSearchQueryState" classname="com.example.notesapp.ui.notes.NotesViewModelTest" time="0.015"/>
  <system-out><![CDATA[]]></system-out>
  <system-err><![CDATA[]]></system-err>
</testsuite>
